2021-12-23 12:33:18,225 [INFO] is_available_port: Порт 9090 свободен
2021-12-23 12:33:18,225 [INFO] init_server: Старт сервера, порт: 9090
2021-12-23 12:34:04,120 [INFO] init_server: Подключение клиента ('127.0.0.1', 51408)
2021-12-23 12:37:10,304 [INFO] is_available_port: Порт 9090 занят
2021-12-23 12:37:10,304 [INFO] main: Порт по умолчанию 9090 занят
2021-12-23 12:37:10,304 [INFO] is_available_port: Порт 9091 свободен
2021-12-23 12:37:10,304 [INFO] init_server: Старт сервера, порт: 9091
2021-12-23 12:37:41,147 [INFO] is_available_port: Порт 9090 занят
2021-12-23 12:37:41,147 [INFO] main: Порт по умолчанию 9090 занят
2021-12-23 12:37:41,147 [INFO] is_available_port: Порт 9091 свободен
2021-12-23 12:37:41,147 [INFO] init_server: Старт сервера, порт: 9091
2021-12-23 12:37:50,391 [INFO] init_server: Подключение клиента ('127.0.0.1', 51585)
2021-12-23 12:44:25,440 [INFO] is_available_port: Порт 9090 занят
2021-12-23 12:44:25,440 [INFO] main: Порт по умолчанию 9090 занят
2021-12-23 12:44:25,440 [INFO] is_available_port: Порт 9091 свободен
2021-12-23 12:44:25,440 [INFO] init_server: Старт сервера, порт: 9091
2021-12-23 12:44:37,668 [INFO] init_server: Подключение клиента ('127.0.0.1', 51729)
2021-12-23 12:50:27,744 [INFO] is_available_port: Порт 9090 занят
2021-12-23 12:50:27,744 [INFO] main: Порт по умолчанию 9090 занят
2021-12-23 12:50:27,744 [INFO] is_available_port: Порт 9091 свободен
2021-12-23 12:50:27,744 [INFO] init_server: Старт сервера, порт: 9091
2021-12-23 12:50:34,458 [INFO] init_server: Подключение клиента ('127.0.0.1', 51825)
2021-12-23 12:51:22,364 [INFO] is_available_port: Порт 9090 занят
2021-12-23 12:51:22,364 [INFO] main: Порт по умолчанию 9090 занят
2021-12-23 12:51:22,364 [INFO] is_available_port: Порт 9091 свободен
2021-12-23 12:51:22,364 [INFO] init_server: Старт сервера, порт: 9091
2021-12-23 12:51:28,709 [INFO] init_server: Подключение клиента ('127.0.0.1', 51836)
2021-12-23 12:54:15,242 [INFO] init_server: Подключение клиента ('127.0.0.1', 51862)
2021-12-23 12:54:23,973 [INFO] is_available_port: Порт 9090 занят
2021-12-23 12:54:23,973 [INFO] main: Порт по умолчанию 9090 занят
2021-12-23 12:54:23,973 [INFO] is_available_port: Порт 9091 свободен
2021-12-23 12:54:23,973 [INFO] init_server: Старт сервера, порт: 9091
2021-12-23 12:54:37,464 [INFO] init_server: Подключение клиента ('127.0.0.1', 51865)
2021-12-23 12:55:15,023 [INFO] is_available_port: Порт 9090 занят
2021-12-23 12:55:15,023 [INFO] main: Порт по умолчанию 9090 занят
2021-12-23 12:55:15,023 [INFO] is_available_port: Порт 9091 свободен
2021-12-23 12:55:15,023 [INFO] init_server: Старт сервера, порт: 9091
2021-12-23 12:55:34,573 [INFO] init_server: Подключение клиента ('127.0.0.1', 51871)
2021-12-23 12:55:44,636 [INFO] is_available_port: Порт 9090 занят
2021-12-23 12:55:44,636 [INFO] main: Порт по умолчанию 9090 занят
2021-12-23 12:55:44,636 [INFO] is_available_port: Порт 9091 свободен
2021-12-23 12:55:44,636 [INFO] init_server: Старт сервера, порт: 9091
2021-12-23 12:55:57,879 [INFO] init_server: Подключение клиента ('127.0.0.1', 51875)
2021-12-23 12:56:45,038 [INFO] is_available_port: Порт 9090 занят
2021-12-23 12:56:45,038 [INFO] main: Порт по умолчанию 9090 занят
2021-12-23 12:56:45,038 [INFO] is_available_port: Порт 9091 свободен
2021-12-23 12:56:45,038 [INFO] init_server: Старт сервера, порт: 9091
2021-12-23 12:56:51,392 [INFO] init_server: Подключение клиента ('127.0.0.1', 51906)
2021-12-23 12:59:37,086 [INFO] is_available_port: Порт 9090 занят
2021-12-23 12:59:37,086 [INFO] main: Порт по умолчанию 9090 занят
2021-12-23 12:59:37,086 [INFO] is_available_port: Порт 9091 свободен
2021-12-23 12:59:37,086 [INFO] init_server: Старт сервера, порт: 9091
2021-12-23 12:59:44,478 [INFO] init_server: Подключение клиента ('127.0.0.1', 51938)
2021-12-23 13:00:35,755 [INFO] is_available_port: Порт 9090 занят
2021-12-23 13:00:35,755 [INFO] main: Порт по умолчанию 9090 занят
2021-12-23 13:00:35,755 [INFO] is_available_port: Порт 9091 свободен
2021-12-23 13:00:35,755 [INFO] init_server: Старт сервера, порт: 9091
2021-12-23 13:00:48,724 [INFO] init_server: Подключение клиента ('127.0.0.1', 51948)
2021-12-23 13:01:05,141 [INFO] is_available_port: Порт 9090 занят
2021-12-23 13:01:05,141 [INFO] main: Порт по умолчанию 9090 занят
2021-12-23 13:01:05,141 [INFO] is_available_port: Порт 9091 свободен
2021-12-23 13:01:05,141 [INFO] init_server: Старт сервера, порт: 9091
2021-12-23 13:01:12,508 [INFO] init_server: Подключение клиента ('127.0.0.1', 51951)
2021-12-23 13:01:49,518 [INFO] is_available_port: Порт 9090 занят
2021-12-23 13:01:49,518 [INFO] main: Порт по умолчанию 9090 занят
2021-12-23 13:01:49,518 [INFO] is_available_port: Порт 9091 свободен
2021-12-23 13:01:49,518 [INFO] init_server: Старт сервера, порт: 9091
2021-12-23 13:01:55,262 [INFO] init_server: Подключение клиента ('127.0.0.1', 51954)
2021-12-23 13:02:26,931 [INFO] is_available_port: Порт 9090 занят
2021-12-23 13:02:26,931 [INFO] main: Порт по умолчанию 9090 занят
2021-12-23 13:02:26,931 [INFO] is_available_port: Порт 9091 свободен
2021-12-23 13:02:26,931 [INFO] init_server: Старт сервера, порт: 9091
2021-12-23 13:02:37,426 [INFO] init_server: Подключение клиента ('127.0.0.1', 51961)
2021-12-23 13:04:06,440 [INFO] is_available_port: Порт 9090 занят
2021-12-23 13:04:06,440 [INFO] main: Порт по умолчанию 9090 занят
2021-12-23 13:04:06,440 [INFO] is_available_port: Порт 9091 свободен
2021-12-23 13:04:06,455 [INFO] init_server: Старт сервера, порт: 9091
2021-12-23 13:04:16,495 [INFO] init_server: Подключение клиента ('127.0.0.1', 52023)
2021-12-23 13:06:16,300 [INFO] is_available_port: Порт 9090 занят
2021-12-23 13:06:16,300 [INFO] main: Порт по умолчанию 9090 занят
2021-12-23 13:06:16,300 [INFO] is_available_port: Порт 9091 свободен
2021-12-23 13:06:16,300 [INFO] init_server: Старт сервера, порт: 9091
2021-12-23 13:06:26,300 [INFO] init_server: Подключение клиента ('127.0.0.1', 52038)
2021-12-23 13:08:29,936 [INFO] is_available_port: Порт 9090 занят
2021-12-23 13:08:29,936 [INFO] main: Порт по умолчанию 9090 занят
2021-12-23 13:08:29,936 [INFO] is_available_port: Порт 9091 свободен
2021-12-23 13:08:29,936 [INFO] init_server: Старт сервера, порт: 9091
2021-12-23 13:08:37,196 [INFO] init_server: Подключение клиента ('127.0.0.1', 52139)
2021-12-23 13:11:17,555 [INFO] is_available_port: Порт 9090 занят
2021-12-23 13:11:17,555 [INFO] main: Порт по умолчанию 9090 занят
2021-12-23 13:11:17,555 [INFO] is_available_port: Порт 9091 свободен
2021-12-23 13:11:17,555 [INFO] init_server: Старт сервера, порт: 9091
2021-12-23 13:11:24,445 [INFO] init_server: Подключение клиента ('127.0.0.1', 52158)
2021-12-23 13:11:57,957 [INFO] is_available_port: Порт 9090 занят
2021-12-23 13:11:57,957 [INFO] main: Порт по умолчанию 9090 занят
2021-12-23 13:11:57,957 [INFO] is_available_port: Порт 9091 свободен
2021-12-23 13:11:57,957 [INFO] init_server: Старт сервера, порт: 9091
2021-12-23 13:12:03,684 [INFO] init_server: Подключение клиента ('127.0.0.1', 52174)
2021-12-23 13:12:39,893 [INFO] is_available_port: Порт 9090 занят
2021-12-23 13:12:39,893 [INFO] main: Порт по умолчанию 9090 занят
2021-12-23 13:12:39,893 [INFO] is_available_port: Порт 9091 свободен
2021-12-23 13:12:39,893 [INFO] init_server: Старт сервера, порт: 9091
2021-12-23 13:12:46,668 [INFO] init_server: Подключение клиента ('127.0.0.1', 52182)
2021-12-23 13:16:05,915 [INFO] is_available_port: Порт 9090 занят
2021-12-23 13:16:05,915 [INFO] main: Порт по умолчанию 9090 занят
2021-12-23 13:16:05,915 [INFO] is_available_port: Порт 9091 свободен
2021-12-23 13:16:05,915 [INFO] init_server: Старт сервера, порт: 9091
2021-12-23 13:16:21,817 [INFO] is_available_port: Порт 9090 занят
2021-12-23 13:16:21,817 [INFO] main: Порт по умолчанию 9090 занят
2021-12-23 13:16:21,817 [INFO] is_available_port: Порт 9091 свободен
2021-12-23 13:16:21,817 [INFO] init_server: Старт сервера, порт: 9091
2021-12-23 13:16:41,718 [INFO] init_server: Подключение клиента ('127.0.0.1', 52221)
2021-12-23 13:18:49,359 [INFO] authorization: Клиент ('0.0.0.0', 9091) успешно авторизировался
2021-12-23 13:19:49,615 [INFO] is_available_port: Порт 9090 занят
2021-12-23 13:19:49,615 [INFO] main: Порт по умолчанию 9090 занят
2021-12-23 13:19:49,615 [INFO] is_available_port: Порт 9091 свободен
2021-12-23 13:19:49,615 [INFO] init_server: Старт сервера, порт: 9091
2021-12-23 13:19:56,756 [INFO] init_server: Подключение клиента ('127.0.0.1', 52243)
2021-12-23 13:22:21,006 [INFO] is_available_port: Порт 9090 занят
2021-12-23 13:22:21,006 [INFO] main: Порт по умолчанию 9090 занят
2021-12-23 13:22:21,006 [INFO] is_available_port: Порт 9091 свободен
2021-12-23 13:22:21,006 [INFO] init_server: Старт сервера, порт: 9091
2021-12-23 13:22:30,474 [INFO] init_server: Подключение клиента ('127.0.0.1', 52272)
2021-12-23 13:24:01,355 [INFO] authorization: Клиент ('0.0.0.0', 9091) успешно авторизировался
2021-12-23 13:25:27,538 [INFO] is_available_port: Порт 9090 занят
2021-12-23 13:25:27,538 [INFO] main: Порт по умолчанию 9090 занят
2021-12-23 13:25:27,538 [INFO] is_available_port: Порт 9091 свободен
2021-12-23 13:25:27,538 [INFO] init_server: Старт сервера, порт: 9091
2021-12-23 13:25:34,250 [INFO] init_server: Подключение клиента ('127.0.0.1', 52324)
2021-12-23 13:26:29,448 [INFO] is_available_port: Порт 9090 занят
2021-12-23 13:26:29,448 [INFO] main: Порт по умолчанию 9090 занят
2021-12-23 13:26:29,448 [INFO] is_available_port: Порт 9091 свободен
2021-12-23 13:26:29,448 [INFO] init_server: Старт сервера, порт: 9091
2021-12-23 13:26:53,961 [INFO] is_available_port: Порт 9090 занят
2021-12-23 13:26:53,961 [INFO] main: Порт по умолчанию 9090 занят
2021-12-23 13:26:53,961 [INFO] is_available_port: Порт 9091 свободен
2021-12-23 13:26:53,961 [INFO] init_server: Старт сервера, порт: 9091
2021-12-23 13:27:00,612 [INFO] init_server: Подключение клиента ('127.0.0.1', 52343)
2021-12-23 13:27:09,149 [INFO] is_available_port: Порт 9090 занят
2021-12-23 13:27:09,149 [INFO] main: Порт по умолчанию 9090 занят
2021-12-23 13:27:09,149 [INFO] is_available_port: Порт 9091 свободен
2021-12-23 13:27:09,149 [INFO] init_server: Старт сервера, порт: 9091
2021-12-23 13:27:27,010 [INFO] init_server: Подключение клиента ('127.0.0.1', 52348)
2021-12-23 13:28:09,365 [INFO] is_available_port: Порт 9090 занят
2021-12-23 13:28:09,365 [INFO] main: Порт по умолчанию 9090 занят
2021-12-23 13:28:09,365 [INFO] is_available_port: Порт 9091 свободен
2021-12-23 13:28:09,365 [INFO] init_server: Старт сервера, порт: 9091
2021-12-23 13:28:19,813 [INFO] init_server: Подключение клиента ('127.0.0.1', 52356)
2021-12-23 13:28:27,224 [INFO] authorization: Клиент ('0.0.0.0', 9091) успешно авторизировался
2021-12-23 13:29:03,365 [INFO] client_logic: Прием данных от клиента 'qwerty_52356': Файлы в директории
2021-12-23 13:29:03,365 [INFO] client_logic: qwerty запросил показать файлы в директории
2021-12-23 13:30:03,774 [INFO] client_logic: Прием данных от клиента 'qwerty_52356': ls -la
2021-12-23 13:30:06,437 [INFO] client_logic: Прием данных от клиента 'qwerty_52356': Файлы в директории
2021-12-23 13:30:06,437 [INFO] client_logic: qwerty запросил показать файлы в директории
2021-12-23 13:30:44,908 [INFO] client_logic: Прием данных от клиента 'qwerty_52356': Текущая директория
2021-12-23 13:30:44,908 [INFO] client_logic: qwerty запросил показать текущую директорию
2021-12-23 13:31:38,352 [INFO] client_logic: Прием данных от клиента 'qwerty_52356': new_dir
2021-12-23 13:31:38,352 [INFO] client_logic: qwerty запросил создать новую директорию new_dir
2021-12-23 13:33:40,683 [INFO] is_available_port: Порт 9090 занят
2021-12-23 13:33:40,683 [INFO] main: Порт по умолчанию 9090 занят
2021-12-23 13:33:40,684 [INFO] is_available_port: Порт 9091 свободен
2021-12-23 13:33:40,684 [INFO] init_server: Старт сервера, порт: 9091
2021-12-23 13:34:16,323 [INFO] init_server: Подключение клиента ('127.0.0.1', 52398)
2021-12-23 13:34:23,818 [INFO] authorization: Клиент ('0.0.0.0', 9091) успешно авторизировался
2021-12-23 13:34:30,749 [INFO] client_logic: Прием данных от клиента 'qwerty_52398': Файлы в директории
2021-12-23 13:34:30,750 [INFO] client_logic: qwerty запросил показать файлы в директории
2021-12-23 13:42:50,004 [INFO] is_available_port: Порт 9090 занят
2021-12-23 13:42:50,004 [INFO] main: Порт по умолчанию 9090 занят
2021-12-23 13:42:50,004 [INFO] is_available_port: Порт 9091 свободен
2021-12-23 13:42:50,005 [INFO] init_server: Старт сервера, порт: 9091
2021-12-23 13:42:59,499 [INFO] init_server: Подключение клиента ('127.0.0.1', 52583)
2021-12-23 13:43:05,604 [INFO] authorization: Клиент ('0.0.0.0', 9091) успешно авторизировался
2021-12-23 13:43:09,701 [INFO] client_logic: Прием данных от клиента 'qwerty_52583': Файлы в директории
2021-12-23 13:43:09,701 [INFO] client_logic: qwerty запросил показать файлы в директории
2021-12-23 13:44:03,020 [INFO] client_logic: Прием данных от клиента 'qwerty_52583': new_dir2
2021-12-23 13:44:03,020 [INFO] client_logic: qwerty запросил создать новую директорию new_dir2
2021-12-23 13:44:07,510 [INFO] client_logic: Прием данных от клиента 'qwerty_52583': Текущая директория
2021-12-23 13:44:07,510 [INFO] client_logic: qwerty запросил показать текущую директорию
2021-12-23 13:44:33,708 [INFO] client_logic: Прием данных от клиента 'qwerty_52583': rmdir new_dir
2021-12-23 13:45:36,681 [INFO] client_logic: Прием данных от клиента 'qwerty_52583': Файлы в директории
2021-12-23 13:45:36,681 [INFO] client_logic: qwerty запросил показать файлы в директории
2021-12-23 13:46:05,282 [INFO] client_logic: Прием данных от клиента 'qwerty_52583': new_dir
2021-12-23 13:46:05,282 [INFO] client_logic: qwerty запросил удалить директорию new_dir
2021-12-23 13:46:07,489 [INFO] client_logic: Прием данных от клиента 'qwerty_52583': Файлы в директории
2021-12-23 13:46:07,489 [INFO] client_logic: qwerty запросил показать файлы в директории
2021-12-23 13:46:28,040 [INFO] client_logic: Прием данных от клиента 'qwerty_52583': ['new_dir2', 'new_dir']
2021-12-23 13:46:28,040 [INFO] client_logic: qwerty запросил переименовать файл n в e
2021-12-23 13:47:00,191 [INFO] client_logic: Прием данных от клиента 'qwerty_52583': ['2.txt', '1.txt']
2021-12-23 13:47:00,191 [INFO] client_logic: qwerty запросил переименовать файл 1 в .
2021-12-23 13:47:07,345 [INFO] client_logic: Прием данных от клиента 'qwerty_52583': Файлы в директории
2021-12-23 13:47:07,345 [INFO] client_logic: qwerty запросил показать файлы в директории
2021-12-23 13:47:17,425 [INFO] client_logic: Прием данных от клиента 'qwerty_52583': ['2', '1']
2021-12-23 13:47:36,442 [INFO] is_available_port: Порт 9090 занят
2021-12-23 13:47:36,442 [INFO] main: Порт по умолчанию 9090 занят
2021-12-23 13:47:36,442 [INFO] is_available_port: Порт 9091 свободен
2021-12-23 13:47:36,442 [INFO] init_server: Старт сервера, порт: 9091
2021-12-23 13:47:43,304 [INFO] init_server: Подключение клиента ('127.0.0.1', 52635)
2021-12-23 13:47:56,244 [INFO] authorization: Клиент ('0.0.0.0', 9091) успешно авторизировался
2021-12-23 13:47:59,830 [INFO] client_logic: Прием данных от клиента 'qwerty_52635': Файлы в директории
2021-12-23 13:47:59,830 [INFO] client_logic: qwerty запросил показать файлы в директории
2021-12-23 13:48:12,414 [INFO] client_logic: Прием данных от клиента 'qwerty_52635': Текущая директория
2021-12-23 13:48:12,414 [INFO] client_logic: qwerty запросил показать текущую директорию
2021-12-23 13:48:24,211 [INFO] client_logic: Прием данных от клиента 'qwerty_52635': mkdir new_dir
2021-12-23 13:48:43,278 [INFO] client_logic: Прием данных от клиента 'qwerty_52635': new_dir
2021-12-23 13:48:43,279 [INFO] client_logic: qwerty запросил создать новую директорию new_dir
2021-12-23 13:48:56,760 [INFO] client_logic: Прием данных от клиента 'qwerty_52635': new_dir2
2021-12-23 13:48:56,761 [INFO] client_logic: qwerty запросил удалить директорию new_dir2
2021-12-23 13:49:06,071 [INFO] client_logic: Прием данных от клиента 'qwerty_52635': Файлы в директории
2021-12-23 13:49:06,071 [INFO] client_logic: qwerty запросил показать файлы в директории
2021-12-23 13:49:39,228 [INFO] client_logic: Прием данных от клиента 'qwerty_52635': ['2.txt', '3.txt']
2021-12-23 13:49:39,228 [INFO] client_logic: qwerty запросил переименовать файл 3 в .
2021-12-23 13:49:50,310 [INFO] client_logic: Прием данных от клиента 'qwerty_52635': ['2', '3']
2021-12-23 13:50:34,312 [INFO] is_available_port: Порт 9090 занят
2021-12-23 13:50:34,312 [INFO] main: Порт по умолчанию 9090 занят
2021-12-23 13:50:34,312 [INFO] is_available_port: Порт 9091 свободен
2021-12-23 13:50:34,312 [INFO] init_server: Старт сервера, порт: 9091
2021-12-23 13:50:40,283 [INFO] init_server: Подключение клиента ('127.0.0.1', 52652)
2021-12-23 13:50:57,027 [INFO] is_available_port: Порт 9090 занят
2021-12-23 13:50:57,028 [INFO] main: Порт по умолчанию 9090 занят
2021-12-23 13:50:57,028 [INFO] is_available_port: Порт 9091 свободен
2021-12-23 13:50:57,028 [INFO] init_server: Старт сервера, порт: 9091
2021-12-23 13:51:03,124 [INFO] init_server: Подключение клиента ('127.0.0.1', 52655)
2021-12-23 13:51:09,940 [INFO] authorization: Клиент ('0.0.0.0', 9091) успешно авторизировался
2021-12-23 13:51:14,079 [INFO] client_logic: Прием данных от клиента 'qwerty_52655': Файлы в директории
2021-12-23 13:51:14,079 [INFO] client_logic: qwerty запросил показать файлы в директории
2021-12-23 13:51:53,995 [INFO] client_logic: Прием данных от клиента 'qwerty_52655': Текущая директория
2021-12-23 13:51:53,995 [INFO] client_logic: qwerty запросил показать текущую директорию
2021-12-23 13:52:08,945 [INFO] client_logic: Прием данных от клиента 'qwerty_52655': new_dir2
2021-12-23 13:52:08,945 [INFO] client_logic: qwerty запросил создать новую директорию new_dir2
2021-12-23 13:52:26,737 [INFO] client_logic: Прием данных от клиента 'qwerty_52655': newdir
2021-12-23 13:52:26,737 [INFO] client_logic: qwerty запросил удалить директорию newdir
2021-12-23 13:52:40,729 [INFO] client_logic: Прием данных от клиента 'qwerty_52655': new_dir
2021-12-23 13:52:40,744 [INFO] client_logic: qwerty запросил удалить директорию new_dir
2021-12-23 13:52:43,455 [INFO] client_logic: Прием данных от клиента 'qwerty_52655': Файлы в директории
2021-12-23 13:52:43,455 [INFO] client_logic: qwerty запросил показать файлы в директории
2021-12-23 13:53:12,135 [INFO] client_logic: Прием данных от клиента 'qwerty_52655': new_dir2
2021-12-23 13:54:12,220 [INFO] client_logic: Прием данных от клиента 'qwerty_52655': Файлы в директории
2021-12-23 13:54:12,220 [INFO] client_logic: qwerty запросил показать файлы в директории
2021-12-23 13:54:28,084 [INFO] client_logic: Прием данных от клиента 'qwerty_52655': 2.txt
2021-12-23 13:54:42,221 [INFO] client_logic: Прием данных от клиента 'qwerty_52655': Файлы в директории
2021-12-23 13:54:42,221 [INFO] client_logic: qwerty запросил показать файлы в директории
2021-12-23 13:54:56,791 [INFO] client_logic: Прием данных от клиента 'qwerty_52655': Файлы в директории
2021-12-23 13:54:56,791 [INFO] client_logic: qwerty запросил показать файлы в директории
2021-12-23 13:55:07,625 [INFO] client_logic: Прием данных от клиента 'qwerty_52655': newdir
2021-12-23 13:55:56,083 [INFO] is_available_port: Порт 9090 занят
2021-12-23 13:55:56,083 [INFO] main: Порт по умолчанию 9090 занят
2021-12-23 13:55:56,083 [INFO] is_available_port: Порт 9091 свободен
2021-12-23 13:55:56,083 [INFO] init_server: Старт сервера, порт: 9091
2021-12-23 13:56:02,265 [INFO] init_server: Подключение клиента ('127.0.0.1', 52700)
2021-12-23 13:56:07,680 [INFO] authorization: Клиент ('0.0.0.0', 9091) успешно авторизировался
2021-12-23 13:56:10,171 [INFO] client_logic: Прием данных от клиента 'qwerty_52700': Файлы в директории
2021-12-23 13:56:10,171 [INFO] client_logic: qwerty запросил показать файлы в директории
2021-12-23 13:56:27,012 [INFO] client_logic: Прием данных от клиента 'qwerty_52700': Текущая директория
2021-12-23 13:56:27,012 [INFO] client_logic: qwerty запросил показать текущую директорию
2021-12-23 13:56:42,213 [INFO] client_logic: Прием данных от клиента 'qwerty_52700': new_dir
2021-12-23 13:56:42,213 [INFO] client_logic: qwerty запросил создать новую директорию new_dir
2021-12-23 13:56:54,940 [INFO] client_logic: Прием данных от клиента 'qwerty_52700': new_dir2
2021-12-23 13:56:54,940 [INFO] client_logic: qwerty запросил удалить директорию new_dir2
2021-12-23 13:57:10,635 [INFO] client_logic: Прием данных от клиента 'qwerty_52700': new_dir
2021-12-23 13:57:13,432 [INFO] client_logic: Прием данных от клиента 'qwerty_52700': Файлы в директории
2021-12-23 13:57:13,432 [INFO] client_logic: qwerty запросил показать файлы в директории
2021-12-23 13:57:19,917 [INFO] client_logic: Прием данных от клиента 'qwerty_52700': cd ../
2021-12-23 13:57:22,058 [INFO] client_logic: Прием данных от клиента 'qwerty_52700': Файлы в директории
2021-12-23 13:57:22,058 [INFO] client_logic: qwerty запросил показать файлы в директории
2021-12-23 13:57:30,119 [INFO] client_logic: Прием данных от клиента 'qwerty_52700': move up
2021-12-23 13:57:53,259 [INFO] client_logic: Прием данных от клиента 'qwerty_52700': copy from server 2.txt
2021-12-23 13:57:59,509 [INFO] client_logic: Прием данных от клиента 'qwerty_52700': Файлы в директории
2021-12-23 13:57:59,509 [INFO] client_logic: qwerty запросил показать файлы в директории
2021-12-23 13:58:06,675 [INFO] client_logic: Прием данных от клиента 'qwerty_52700': 2.txt
2021-12-23 13:58:50,580 [INFO] client_logic: Прием данных от клиента 'qwerty_52700': Файлы в директории
2021-12-23 13:58:50,580 [INFO] client_logic: qwerty запросил показать файлы в директории
2021-12-23 13:59:28,634 [INFO] client_logic: Прием данных от клиента 'qwerty_52700': 2.txt
2021-12-23 14:00:06,882 [INFO] client_logic: Прием данных от клиента 'qwerty_52700': Файлы в директории
2021-12-23 14:00:06,882 [INFO] client_logic: qwerty запросил показать файлы в директории
2021-12-23 14:00:12,891 [INFO] client_logic: Прием данных от клиента 'qwerty_52700': 2.txt
2021-12-23 14:02:00,832 [INFO] client_logic: Прием данных от клиента 'qwerty_52700': Файлы в директории
2021-12-23 14:02:00,832 [INFO] client_logic: qwerty запросил показать файлы в директории
2021-12-23 14:02:04,950 [INFO] client_logic: Прием данных от клиента 'qwerty_52700': Файлы в директории
2021-12-23 14:02:04,950 [INFO] client_logic: qwerty запросил показать файлы в директории
2021-12-23 14:02:09,536 [INFO] client_logic: Прием данных от клиента 'qwerty_52700': 3.txt
2021-12-23 14:03:30,919 [INFO] client_logic: Прием данных от клиента 'qwerty_52700': ['', '1.txt']
2021-12-23 14:03:35,880 [INFO] client_logic: Прием данных от клиента 'qwerty_52700': Файлы в директории
2021-12-23 14:03:35,880 [INFO] client_logic: qwerty запросил показать файлы в директории
2021-12-23 14:03:46,600 [INFO] client_logic: Прием данных от клиента 'qwerty_52700': 1.txt
2021-12-23 14:03:46,600 [INFO] client_logic: qwerty запросил прочитать файл 1.txt
2021-12-23 14:04:38,029 [INFO] client_logic: Прием данных от клиента 'qwerty_52700': 1.txt
2021-12-23 14:04:38,029 [INFO] client_logic: qwerty запросил прочитать файл 1.txt
2021-12-23 14:05:14,260 [INFO] client_logic: Прием данных от клиента 'qwerty_52700': 2.txt
2021-12-23 14:05:14,260 [INFO] client_logic: qwerty запросил прочитать файл 2.txt
2021-12-23 14:06:27,804 [INFO] client_logic: Прием данных от клиента 'qwerty_52700': shutdown 
2021-12-23 14:06:50,504 [INFO] client_logic: Прием данных от клиента 'qwerty_52700': Отключение сервера
2021-12-23 14:06:50,504 [INFO] client_logic: Отключение сервера по команде
